{
  "0 debug pnpm:scope": {
    "selected": 1
  },
  "1 error pnpm": {
    "errno": 1,
    "code": "ELIFECYCLE",
    "pkgid": "vben-admin@2.8.0",
    "stage": "dev",
    "script": "vite",
    "pkgname": "vben-admin",
    "err": {
      "name": "pnpm",
      "message": "vben-admin@2.8.0 dev: `vite`\nExit status 1",
      "code": "ELIFECYCLE",
      "stack": "pnpm: vben-admin@2.8.0 dev: `vite`\nExit status 1\n    at EventEmitter.<anonymous> (D:\\tool\\node\\node_global\\node_modules\\pnpm\\dist\\pnpm.cjs:105724:20)\n    at EventEmitter.emit (node:events:520:28)\n    at ChildProcess.<anonymous> (D:\\tool\\node\\node_global\\node_modules\\pnpm\\dist\\pnpm.cjs:92285:18)\n    at ChildProcess.emit (node:events:520:28)\n    at maybeClose (node:internal/child_process:1092:16)\n    at Process.ChildProcess._handle.onexit (node:internal/child_process:302:5)"
    }
  },
  "2 warn pnpm:global": " Local package.json exists, but node_modules missing, did you mean to install?"
}